<?xml version="1.0" encoding="UTF-8"?>
<testsuite xmlns:xsi="http://www.w3.org/2001/XMLSchema-instance" xsi:noNamespaceSchemaLocation="https://maven.apache.org/surefire/maven-surefire-plugin/xsd/surefire-test-report-3.0.xsd" version="3.0" name="controlador.ControladorBrokerTest" time="2.889" tests="5" errors="0" skipped="0" failures="0">
  <properties>
    <property name="java.specification.version" value="23"/>
    <property name="sun.cpu.isalist" value="amd64"/>
    <property name="sun.jnu.encoding" value="Cp1252"/>
    <property name="java.class.path" value="C:\Users\Jaret\OneDrive\Documentos\LIS\5sem\Arqui\votaciones-broker-system\cliente\target\test-classes;C:\Users\Jaret\OneDrive\Documentos\LIS\5sem\Arqui\votaciones-broker-system\cliente\target\classes;C:\Users\Jaret\.m2\repository\org\json\json\20240303\json-20240303.jar;C:\Users\Jaret\.m2\repository\org\junit\jupiter\junit-jupiter\5.14.0\junit-jupiter-5.14.0.jar;C:\Users\Jaret\.m2\repository\org\junit\jupiter\junit-jupiter-api\5.14.0\junit-jupiter-api-5.14.0.jar;C:\Users\Jaret\.m2\repository\org\opentest4j\opentest4j\1.3.0\opentest4j-1.3.0.jar;C:\Users\Jaret\.m2\repository\org\junit\platform\junit-platform-commons\1.14.0\junit-platform-commons-1.14.0.jar;C:\Users\Jaret\.m2\repository\org\apiguardian\apiguardian-api\1.1.2\apiguardian-api-1.1.2.jar;C:\Users\Jaret\.m2\repository\org\junit\jupiter\junit-jupiter-params\5.14.0\junit-jupiter-params-5.14.0.jar;C:\Users\Jaret\.m2\repository\org\junit\jupiter\junit-jupiter-engine\5.14.0\junit-jupiter-engine-5.14.0.jar;C:\Users\Jaret\.m2\repository\org\junit\platform\junit-platform-engine\1.14.0\junit-platform-engine-1.14.0.jar;C:\Users\Jaret\.m2\repository\org\jfree\jfreechart\1.5.6\jfreechart-1.5.6.jar;C:\Users\Jaret\.m2\repository\junit\junit\3.8.1\junit-3.8.1.jar;C:\Users\Jaret\.m2\repository\org\mockito\mockito-core\5.18.0\mockito-core-5.18.0.jar;C:\Users\Jaret\.m2\repository\net\bytebuddy\byte-buddy\1.17.5\byte-buddy-1.17.5.jar;C:\Users\Jaret\.m2\repository\net\bytebuddy\byte-buddy-agent\1.17.5\byte-buddy-agent-1.17.5.jar;C:\Users\Jaret\.m2\repository\org\objenesis\objenesis\3.3\objenesis-3.3.jar;"/>
    <property name="java.vm.vendor" value="Oracle Corporation"/>
    <property name="sun.arch.data.model" value="64"/>
    <property name="user.variant" value=""/>
    <property name="java.vendor.url" value="https://java.oracle.com/"/>
    <property name="user.timezone" value="America/Mexico_City"/>
    <property name="os.name" value="Windows 11"/>
    <property name="java.vm.specification.version" value="23"/>
    <property name="sun.java.launcher" value="SUN_STANDARD"/>
    <property name="user.country" value="MX"/>
    <property name="sun.boot.library.path" value="C:\Program Files\Java\jdk-23\bin"/>
    <property name="sun.java.command" value="C:\Users\Jaret\AppData\Local\Temp\surefire13249390388013844679\surefirebooter-20251017003458868_6.jar C:\Users\Jaret\AppData\Local\Temp\surefire13249390388013844679 2025-10-17T00-34-54_675-jvmRun1 surefire-20251017003458868_4tmp surefire_1-20251017003458868_5tmp"/>
    <property name="jdk.debug" value="release"/>
    <property name="surefire.test.class.path" value="C:\Users\Jaret\OneDrive\Documentos\LIS\5sem\Arqui\votaciones-broker-system\cliente\target\test-classes;C:\Users\Jaret\OneDrive\Documentos\LIS\5sem\Arqui\votaciones-broker-system\cliente\target\classes;C:\Users\Jaret\.m2\repository\org\json\json\20240303\json-20240303.jar;C:\Users\Jaret\.m2\repository\org\junit\jupiter\junit-jupiter\5.14.0\junit-jupiter-5.14.0.jar;C:\Users\Jaret\.m2\repository\org\junit\jupiter\junit-jupiter-api\5.14.0\junit-jupiter-api-5.14.0.jar;C:\Users\Jaret\.m2\repository\org\opentest4j\opentest4j\1.3.0\opentest4j-1.3.0.jar;C:\Users\Jaret\.m2\repository\org\junit\platform\junit-platform-commons\1.14.0\junit-platform-commons-1.14.0.jar;C:\Users\Jaret\.m2\repository\org\apiguardian\apiguardian-api\1.1.2\apiguardian-api-1.1.2.jar;C:\Users\Jaret\.m2\repository\org\junit\jupiter\junit-jupiter-params\5.14.0\junit-jupiter-params-5.14.0.jar;C:\Users\Jaret\.m2\repository\org\junit\jupiter\junit-jupiter-engine\5.14.0\junit-jupiter-engine-5.14.0.jar;C:\Users\Jaret\.m2\repository\org\junit\platform\junit-platform-engine\1.14.0\junit-platform-engine-1.14.0.jar;C:\Users\Jaret\.m2\repository\org\jfree\jfreechart\1.5.6\jfreechart-1.5.6.jar;C:\Users\Jaret\.m2\repository\junit\junit\3.8.1\junit-3.8.1.jar;C:\Users\Jaret\.m2\repository\org\mockito\mockito-core\5.18.0\mockito-core-5.18.0.jar;C:\Users\Jaret\.m2\repository\net\bytebuddy\byte-buddy\1.17.5\byte-buddy-1.17.5.jar;C:\Users\Jaret\.m2\repository\net\bytebuddy\byte-buddy-agent\1.17.5\byte-buddy-agent-1.17.5.jar;C:\Users\Jaret\.m2\repository\org\objenesis\objenesis\3.3\objenesis-3.3.jar;"/>
    <property name="sun.cpu.endian" value="little"/>
    <property name="user.home" value="C:\Users\Jaret"/>
    <property name="user.language" value="es"/>
    <property name="java.specification.vendor" value="Oracle Corporation"/>
    <property name="java.version.date" value="2024-10-15"/>
    <property name="java.home" value="C:\Program Files\Java\jdk-23"/>
    <property name="file.separator" value="\"/>
    <property name="basedir" value="C:\Users\Jaret\OneDrive\Documentos\LIS\5sem\Arqui\votaciones-broker-system\cliente"/>
    <property name="java.vm.compressedOopsMode" value="Zero based"/>
    <property name="line.separator" value="&#10;"/>
    <property name="java.vm.specification.vendor" value="Oracle Corporation"/>
    <property name="java.specification.name" value="Java Platform API Specification"/>
    <property name="surefire.real.class.path" value="C:\Users\Jaret\AppData\Local\Temp\surefire13249390388013844679\surefirebooter-20251017003458868_6.jar"/>
    <property name="user.script" value=""/>
    <property name="sun.management.compiler" value="HotSpot 64-Bit Tiered Compilers"/>
    <property name="java.runtime.version" value="23.0.1+11-39"/>
    <property name="user.name" value="Jaret"/>
    <property name="stdout.encoding" value="Cp1252"/>
    <property name="path.separator" value=";"/>
    <property name="os.version" value="10.0"/>
    <property name="java.runtime.name" value="Java(TM) SE Runtime Environment"/>
    <property name="file.encoding" value="UTF-8"/>
    <property name="java.vm.name" value="Java HotSpot(TM) 64-Bit Server VM"/>
    <property name="localRepository" value="C:\Users\Jaret\.m2\repository"/>
    <property name="java.vendor.url.bug" value="https://bugreport.java.com/bugreport/"/>
    <property name="java.io.tmpdir" value="C:\Users\Jaret\AppData\Local\Temp\"/>
    <property name="java.version" value="23.0.1"/>
    <property name="user.dir" value="C:\Users\Jaret\OneDrive\Documentos\LIS\5sem\Arqui\votaciones-broker-system\cliente"/>
    <property name="os.arch" value="amd64"/>
    <property name="java.vm.specification.name" value="Java Virtual Machine Specification"/>
    <property name="sun.os.patch.level" value=""/>
    <property name="native.encoding" value="Cp1252"/>
    <property name="java.library.path" value="C:\Program Files\Java\jdk-23\bin;C:\WINDOWS\Sun\Java\bin;C:\WINDOWS\system32;C:\WINDOWS;C:\VulkanSDK\1.3.280.0\Bin;C:\Python27\;C:\Python27\Scripts;C:\Program Files\Common Files\Oracle\Java\javapath;C:\Program Files (x86)\Common Files\Oracle\Java\java8path;C:\Program Files (x86)\Common Files\Oracle\Java\javapath;C:\Windows\system32;C:\Windows;C:\Windows\System32\Wbem;C:\Windows\System32\WindowsPowerShell\v1.0\;C:\Windows\System32\OpenSSH\;C:\Program Files (x86)\NVIDIA Corporation\PhysX\Common;C:\Program Files\nodejs\;C:\ProgramData\chocolatey\bin;C:\Program Files\dotnet\;C:\Program Files (x86)\Windows Kits\10\Windows Performance Toolkit\;C:\Program Files\Git\cmd;C:\Program Files\LLVM\bin;C:\Program Files\NVIDIA Corporation\NVIDIA app\NvDLISR;C:\WINDOWS\system32;C:\WINDOWS;C:\WINDOWS\System32\Wbem;C:\WINDOWS\System32\WindowsPowerShell\v1.0\;C:\WINDOWS\System32\OpenSSH\;C:\Program Files\scala-cli-x86_64-pc-win32\;C:\Program Files (x86)\sbt\bin;C:\Program Files\Microsoft SQL Server\150\Tools\Binn\;C:\Program Files\Microsoft SQL Server\Client SDK\ODBC\170\Tools\Binn\;C:\apache-maven-3.9.11\bin;C:\xampp\php;C:\Users\Jaret\AppData\Local\Programs\oh-my-posh\bin\;C:\Users\Jaret\AppData\Local\Programs\Python\Python313\Scripts\;C:\Users\Jaret\AppData\Local\Programs\Python\Python313\;C:\Users\Jaret\scoop\apps\gcc\current\bin;C:\Users\Jaret\scoop\shims;C:\Users\Jaret\OneDrive\Documentos\cocos2d-x-4.0\templates;C:\Users\Jaret\OneDrive\Documentos\cocos2d-x-4.0\tools\cocos2d-console\bin;C:\Users\Jaret\AppData\Local\Microsoft\WindowsApps;C:\Users\Jaret\AppData\Roaming\npm;C:\Users\Jaret\AppData\Local\GitHubDesktop\bin;C:\Users\Jaret\.dotnet\tools;C:\Users\Jaret\AppData\Local\Programs\Microsoft VS Code\bin;C:\Exercism;;C:\Users\Jaret\AppData\Local\Coursier\data\bin;c:\Users\Jaret\AppData\Roaming\Code\User\globalStorage\github.copilot-chat\debugCommand;."/>
    <property name="java.vm.info" value="mixed mode, sharing"/>
    <property name="stderr.encoding" value="Cp1252"/>
    <property name="java.vendor" value="Oracle Corporation"/>
    <property name="java.vm.version" value="23.0.1+11-39"/>
    <property name="sun.io.unicode.encoding" value="UnicodeLittle"/>
    <property name="java.class.version" value="67.0"/>
  </properties>
  <testcase name="testVotosContados" classname="controlador.ControladorBrokerTest" time="2.413">
    <system-err><![CDATA[Mockito is currently self-attaching to enable the inline-mock-maker. This will no longer work in future releases of the JDK. Please add Mockito as an agent to your build as described in Mockito's documentation: https://javadoc.io/doc/org.mockito/mockito-core/latest/org.mockito/org/mockito/Mockito.html#0.3
WARNING: A Java agent has been loaded dynamically (C:\Users\Jaret\.m2\repository\net\bytebuddy\byte-buddy-agent\1.17.5\byte-buddy-agent-1.17.5.jar)
WARNING: If a serviceability tool is in use, please run with -XX:+EnableDynamicAgentLoading to hide this warning
WARNING: If a serviceability tool is not in use, please run with -Djdk.instrument.traceUsage for more information
WARNING: Dynamic loading of agents will be disallowed by default in a future release
No se pudo conectar al broker en localhost:8080
]]></system-err>
  </testcase>
  <testcase name="testProcesarMensajePushDesconocido" classname="controlador.ControladorBrokerTest" time="0.02">
    <system-out><![CDATA[Mensaje push desconocido: {"tipo":"otroTipo"}
]]></system-out>
    <system-err><![CDATA[No se pudo conectar al broker en localhost:8080
]]></system-err>
  </testcase>
  <testcase name="testVotarProductoActualizaVotos" classname="controlador.ControladorBrokerTest" time="0.125">
    <system-out><![CDATA[Evento registrado. Total de eventos en bitácora: 7
]]></system-out>
    <system-err><![CDATA[No se pudo conectar al broker en localhost:8080
]]></system-err>
  </testcase>
  <testcase name="testNotificarCambioVotos" classname="controlador.ControladorBrokerTest" time="0.251">
    <system-err><![CDATA[No se pudo conectar al broker en localhost:8080
No se recibió respuesta del broker al registrar en la bitácora.
]]></system-err>
  </testcase>
  <testcase name="testCrearSolicitudConVariables" classname="controlador.ControladorBrokerTest" time="0.007">
    <system-err><![CDATA[No se pudo conectar al broker en localhost:8080
]]></system-err>
  </testcase>
</testsuite>